"../../../Engine/Content/EngineMaterials/T_Default_Material_Grid_N.uasset" 0
"../../../Engine/Content/EngineMaterials/T_Default_Material_Grid_M.uasset" 1
"../../../Engine/Content/Functions/Engine_MaterialFunctions01/Opacity/CameraDepthFade.uasset" 2
"../../../Engine/Content/EngineMaterials/WorldGridMaterial.uasset" 3
"../../../../../unreal project/uas/Content/Blueprints/enemy_char_evil_ball___no_color__no_mouth____mon_tlng_warnakno__Cylinder001.uasset" 4
"../../../../../unreal project/uas/Content/Blueprints/enemy_char_evil_ball___no_color__no_mouth____mon_tlng_warnakno__Cylinder002.uasset" 5
"../../../../../unreal project/uas/Content/Blueprints/enemy_char_evil_ball___no_color__no_mouth____mon_tlng_warnakno__Cylinder003.uasset" 6
"../../../../../unreal project/uas/Content/Blueprints/enemy_char_evil_ball___no_color__no_mouth____mon_tlng_warnakno__Cylinder004.uasset" 7
"../../../../../unreal project/uas/Content/Blueprints/enemy_char_evil_ball___no_color__no_mouth____mon_tlng_warnakno__Cylinder005.uasset" 8
"../../../../../unreal project/uas/Content/Blueprints/enemy_char_evil_ball___no_color__no_mouth____mon_tlng_warnakno__Cylinder006.uasset" 9
"../../../../../unreal project/uas/Content/Blueprints/enemy_char_evil_ball___no_color__no_mouth____mon_tlng_warnakno__Cylinder007.uasset" 10
"../../../../../unreal project/uas/Content/Blueprints/enemy_char_evil_ball___no_color__no_mouth____mon_tlng_warnakno__Cylinder008.uasset" 11
"../../../../../unreal project/uas/Content/Blueprints/enemy_char_evil_ball___no_color__no_mouth____mon_tlng_warnakno__GeoSphere001.uasset" 12
"../../../../../unreal project/uas/Content/Blueprints/enemy_char_evil_ball___no_color__no_mouth____mon_tlng_warnakno__GeoSphere002.uasset" 13
"../../../../../unreal project/uas/Content/Blueprints/enemy_char_evil_ball___no_color__no_mouth____mon_tlng_warnakno__OilTank001.uasset" 14
"../../../../../unreal project/uas/Content/Blueprints/01_-_Default.uasset" 15
"../../../../../unreal project/uas/Content/Blueprints/enemy_char_evil_ball___no_color__no_mouth____mon_tlng_warnakno__Plane001.uasset" 16
"../../../../../unreal project/uas/Content/Blueprints/enemy_char_evil_ball___no_color__no_mouth____mon_tlng_warnakno__Sphere001.uasset" 17
"../../../../../unreal project/uas/Content/Blueprints/enemy_char_evil_ball___no_color__no_mouth____mon_tlng_warnakno__Sphere002.uasset" 18
"../../../../../unreal project/uas/Content/Blueprints/enemy_char_evil_ball___no_color__no_mouth____mon_tlng_warnakno__Sphere003.uasset" 19
"../../../../../unreal project/uas/Content/Blueprints/image0.uasset" 20
"../../../../../unreal project/uas/Content/Blueprints/NewBlueprint.uasset" 21
"../../../../../unreal project/uas/Content/FirstPersonBP/temple/brigde001Mat.uasset" 22
"../../../../../unreal project/uas/Content/StarterContent/Audio/Starter_Music_Cue.uasset" 23
"../../../../../unreal project/uas/Content/Blueprints/Group9495Mat.uasset" 24
"../../../../../unreal project/uas/Content/Blueprints/haduh_exal.uasset" 25
"../../../../../unreal project/uas/Content/Blueprints/point.uasset" 26
"../../../../../unreal project/uas/Content/Blueprints/pointcollect.uasset" 27
"../../../../../unreal project/uas/Content/FirstPerson/Character/Mesh/SK_Mannequin_Arms_Skeleton.uasset" 28
"../../../../../unreal project/uas/Content/FirstPerson/Animations/FirstPerson_Idle.uasset" 29
"../../../../../unreal project/uas/Content/FirstPerson/Animations/FirstPerson_JumpEnd.uasset" 30
"../../../../../unreal project/uas/Content/FirstPerson/Animations/FirstPerson_JumpLoop.uasset" 31
"../../../../../unreal project/uas/Content/FirstPerson/Animations/FirstPerson_JumpStart.uasset" 32
"../../../../../unreal project/uas/Content/FirstPerson/Animations/FirstPerson_Run.uasset" 33
"../../../Engine/Content/EditorBlueprintResources/StandardMacros.uasset" 34
"../../../../../unreal project/uas/Content/FirstPerson/Animations/FirstPerson_AnimBP.uasset" 35
"../../../../../unreal project/uas/Content/FirstPerson/Character/Mesh/FirstPersonAnimBlueprint_Copy.uasset" 36
"../../../../../unreal project/uas/Content/FirstPerson/Character/Textures/UE4_LOGO_CARD.uasset" 37
"../../../../../unreal project/uas/Content/FirstPerson/FPWeapon/Materials/MaterialLayers/ML_Plastic_Shiny_Beige_LOGO.uasset" 38
"../../../../../unreal project/uas/Content/FirstPerson/FPWeapon/Materials/MaterialLayers/T_ML_FineRubber.uasset" 39
"../../../../../unreal project/uas/Content/FirstPerson/FPWeapon/Mesh/SK_FPGun_PhysicsAsset.uasset" 40
"../../../../../unreal project/uas/Content/FirstPerson/Meshes/BaseMaterial.uasset" 41
"../../../../../unreal project/uas/Content/FirstPerson/Meshes/CubeMaterialOverride.uasset" 42
"../../../../../unreal project/uas/Content/FirstPersonBP/FirstPersonOverview.uasset" 43
"../../../../../unreal project/uas/Content/FirstPersonBP/temple/avcc09b6c4de5644dd14a.uasset" 44
"../../../../../unreal project/uas/Content/FirstPersonBP/temple/blockMat.uasset" 45
"../../../../../unreal project/uas/Content/FirstPersonBP/temple/floor_2Mat.uasset" 46
"../../../../../unreal project/uas/Content/FirstPersonBP/temple/1137-normal.uasset" 47
"../../../../../unreal project/uas/Content/FirstPersonBP/temple/chamber2.uasset" 48
"../../../../../unreal project/uas/Content/FirstPersonBP/temple/MAZE_2_block.uasset" 49
"../../../../../unreal project/uas/Content/FirstPersonBP/temple/bolampMat.uasset" 50
"../../../../../unreal project/uas/Content/FirstPersonBP/temple/lamp/MAZE_2_bolamp.uasset" 51
"../../../../../unreal project/uas/Content/FirstPersonBP/temple/MAZE_2_bolamp.uasset" 52
"../../../../../unreal project/uas/Content/FirstPersonBP/temple/lamp/lampMat.uasset" 53
"../../../../../unreal project/uas/Content/FirstPersonBP/temple/lamp/MAZE_2_lamp.uasset" 54
"../../../../../unreal project/uas/Content/FirstPersonBP/temple/MAZE_2_lamp.uasset" 55
"../../../../../unreal project/uas/Content/FirstPersonBP/temple/Object001Mat.uasset" 56
"../../../../../unreal project/uas/Content/FirstPersonBP/temple/MAZE_2_Object001.uasset" 57
"../../../../../unreal project/uas/Content/StarterContent/Textures/T_Brick_Clay_Old_N.uasset" 58
"../../../../../unreal project/uas/Content/FirstPersonBP/temple/leverbox_chamber3.uasset" 59
"../../../../../unreal project/uas/Content/FirstPersonBP/temple/MAZE_2_roof_.uasset" 60
"../../../../../unreal project/uas/Content/FirstPersonBP/temple/ROOMMat.uasset" 61
"../../../../../unreal project/uas/Content/FirstPersonBP/temple/MAZE_2_ROOM.uasset" 62
"../../../../../unreal project/uas/Content/FirstPersonBP/temple/roof_Mat.uasset" 63
"../../../../../unreal project/uas/Content/FirstPersonBP/temple/room_2Mat.uasset" 64
"../../../../../unreal project/uas/Content/FirstPersonBP/temple/S__30580742.uasset" 65
"../../../../../unreal project/uas/Content/FirstPersonBP/temple/unnamed.uasset" 66
"../../../../../unreal project/uas/Content/FirstPersonBP/temple/chain/Torus001Mat.uasset" 67
"../../../../../unreal project/uas/Content/FirstPersonBP/temple/chain/MAZE_2_Torus001.uasset" 68
"../../../../../unreal project/uas/Content/FirstPersonBP/temple/chain/Torus002Mat.uasset" 69
"../../../../../unreal project/uas/Content/FirstPersonBP/temple/chain/MAZE_2_Torus002.uasset" 70
"../../../../../unreal project/uas/Content/FirstPersonBP/temple/chain/Torus003Mat.uasset" 71
"../../../../../unreal project/uas/Content/FirstPersonBP/temple/chain/MAZE_2_Torus003.uasset" 72
"../../../../../unreal project/uas/Content/FirstPersonBP/temple/chain/Torus004Mat.uasset" 73
"../../../../../unreal project/uas/Content/FirstPersonBP/temple/chain/MAZE_2_Torus004.uasset" 74
"../../../../../unreal project/uas/Content/FirstPersonBP/temple/chain/Torus005Mat.uasset" 75
"../../../../../unreal project/uas/Content/FirstPersonBP/temple/chain/MAZE_2_Torus005.uasset" 76
"../../../../../unreal project/uas/Content/FirstPersonBP/temple/chain/Torus006Mat.uasset" 77
"../../../../../unreal project/uas/Content/FirstPersonBP/temple/chain/MAZE_2_Torus006.uasset" 78
"../../../../../unreal project/uas/Content/FirstPersonBP/temple/chain/Torus007Mat.uasset" 79
"../../../../../unreal project/uas/Content/FirstPersonBP/temple/chain/MAZE_2_Torus007.uasset" 80
"../../../../../unreal project/uas/Content/FirstPersonBP/temple/chain/Torus008Mat.uasset" 81
"../../../../../unreal project/uas/Content/FirstPersonBP/temple/chain/MAZE_2_Torus008.uasset" 82
"../../../../../unreal project/uas/Content/FirstPersonBP/temple/chain/Torus009Mat.uasset" 83
"../../../../../unreal project/uas/Content/FirstPersonBP/temple/chain/MAZE_2_Torus009.uasset" 84
"../../../../../unreal project/uas/Content/FirstPersonBP/temple/chain/Torus010Mat.uasset" 85
"../../../../../unreal project/uas/Content/FirstPersonBP/temple/chain/MAZE_2_Torus010.uasset" 86
"../../../../../unreal project/uas/Content/FirstPersonBP/temple/chain/Torus011Mat.uasset" 87
"../../../../../unreal project/uas/Content/FirstPersonBP/temple/chain/MAZE_2_Torus011.uasset" 88
"../../../../../unreal project/uas/Content/FirstPersonBP/temple/chain/Torus012Mat.uasset" 89
"../../../../../unreal project/uas/Content/FirstPersonBP/temple/chain/MAZE_2_Torus012.uasset" 90
"../../../../../unreal project/uas/Content/Geometry/Meshes/CubeMaterial.uasset" 91
"../../../../../unreal project/uas/Content/Geometry/Meshes/1M_Cube_Chamfer.uasset" 92
"../../../../../unreal project/uas/Content/Geometry/Meshes/TemplateFloor.uasset" 93
"../../../../../unreal project/uas/Content/image/credit.uasset" 94
"../../../../../unreal project/uas/Content/MainMenu/NewBlueprint.uasset" 95
"../../../../../unreal project/uas/Content/map2/Cone001Mat.uasset" 96
"../../../../../unreal project/uas/Content/map2/temple_Cone001.uasset" 97
"../../../../../unreal project/uas/Content/StarterContent/Materials/M_Basic_Wall.uasset" 98
"../../../../../unreal project/uas/Content/StarterContent/Architecture/Pillar_50x500.uasset" 99
"../../../../../unreal project/uas/Content/StarterContent/Architecture/Wall_400x300.uasset" 100
"../../../../../unreal project/uas/Content/StarterContent/Architecture/Wall_400x400.uasset" 101
"../../../../../unreal project/uas/Content/StarterContent/Architecture/Wall_500x500.uasset" 102
"../../../../../unreal project/uas/Content/StarterContent/Architecture/Wall_Door_400x400.uasset" 103
"../../../../../unreal project/uas/Content/StarterContent/Architecture/Wall_Window_400x400.uasset" 104
"../../../../../unreal project/uas/Content/StarterContent/Audio/Collapse01.uasset" 105
"../../../../../unreal project/uas/Content/StarterContent/Audio/Collapse02.uasset" 106
"../../../../../unreal project/uas/Content/StarterContent/Audio/Explosion02.uasset" 107
"../../../../../unreal project/uas/Content/StarterContent/Audio/Fire01.uasset" 108
"../../../../../unreal project/uas/Content/StarterContent/Audio/Fire_Sparks01.uasset" 109
"../../../../../unreal project/uas/Content/StarterContent/Audio/Light01.uasset" 110
"../../../../../unreal project/uas/Content/StarterContent/Audio/Light01_Cue.uasset" 111
"../../../../../unreal project/uas/Content/StarterContent/Audio/Light02.uasset" 112
"../../../../../unreal project/uas/Content/StarterContent/Audio/Light02_Cue.uasset" 113
"../../../../../unreal project/uas/Content/StarterContent/Audio/Smoke01.uasset" 114
"../../../../../unreal project/uas/Content/StarterContent/Audio/Starter_Birds01.uasset" 115
"../../../../../unreal project/uas/Content/StarterContent/Audio/Starter_Music01.uasset" 116
"../../../../../unreal project/uas/Content/StarterContent/Audio/Starter_Wind05.uasset" 117
"../../../../../unreal project/uas/Content/StarterContent/Audio/Starter_Wind06.uasset" 118
"../../../../../unreal project/uas/Content/StarterContent/Audio/Steam01.uasset" 119
"../../../Engine/Content/EditorMeshes/ColorCalibrator/T_ColorGrid.uasset" 120
"../../../../../unreal project/uas/Content/StarterContent/Materials/M_ColorGrid_LowSpec.uasset" 121
"../../../../../unreal project/uas/Content/StarterContent/Textures/T_Bush_N.uasset" 122
"../../../../../unreal project/uas/Content/StarterContent/Textures/T_Bush_D.uasset" 123
"../../../../../unreal project/uas/Content/StarterContent/Props/Materials/M_Bush.uasset" 124
"../../../../../unreal project/uas/Content/StarterContent/Props/SM_Bush.uasset" 125
"../../../../../unreal project/uas/Content/StarterContent/Textures/T_Chair_N.uasset" 126
"../../../../../unreal project/uas/Content/StarterContent/Textures/T_Chair_M.uasset" 127
"../../../../../unreal project/uas/Content/StarterContent/Props/Materials/M_Chair.uasset" 128
"../../../../../unreal project/uas/Content/StarterContent/Props/SM_Couch.uasset" 129
"../../../../../unreal project/uas/Content/StarterContent/Materials/M_Glass.uasset" 130
"../../../../../unreal project/uas/Content/StarterContent/Textures/T_Door_N.uasset" 131
"../../../../../unreal project/uas/Content/StarterContent/Textures/T_Door_M.uasset" 132
"../../../../../unreal project/uas/Content/StarterContent/Props/Materials/M_Door.uasset" 133
"../../../../../unreal project/uas/Content/StarterContent/Props/SM_Door.uasset" 134
"../../../../../unreal project/uas/Content/StarterContent/Props/Materials/M_MaterialSphere_Plain.uasset" 135
"../../../../../unreal project/uas/Content/StarterContent/Props/Materials/M_MaterialSphere.uasset" 136
"../../../../../unreal project/uas/Content/StarterContent/Props/SM_MatPreviewMesh_02.uasset" 137
"../../../Engine/Content/Functions/Engine_MaterialFunctions02/Utility/BlendAngleCorrectedNormals.uasset" 138
"../../../../../unreal project/uas/Content/StarterContent/Textures/T_Detail_Rocky_N.uasset" 139
"../../../../../unreal project/uas/Content/StarterContent/Textures/T_RockMesh_N.uasset" 140
"../../../../../unreal project/uas/Content/StarterContent/Textures/T_RockMesh_M.uasset" 141
"../../../../../unreal project/uas/Content/StarterContent/Textures/T_Rock_Basalt_D.uasset" 142
"../../../../../unreal project/uas/Content/StarterContent/Props/Materials/M_Rock.uasset" 143
"../../../../../unreal project/uas/Content/StarterContent/Props/SM_Rock.uasset" 144
"../../../../../unreal project/uas/Content/StarterContent/Textures/T_Shelf_N.uasset" 145
"../../../../../unreal project/uas/Content/StarterContent/Textures/T_Shelf_M.uasset" 146
"../../../../../unreal project/uas/Content/StarterContent/Props/Materials/M_Shelf.uasset" 147
"../../../../../unreal project/uas/Content/StarterContent/Props/SM_Shelf.uasset" 148
"../../../../../unreal project/uas/Content/StarterContent/Materials/M_Basic_Floor.uasset" 149
"../../../../../unreal project/uas/Content/StarterContent/Props/SM_Stairs.uasset" 150
"../../../../../unreal project/uas/Content/StarterContent/Shapes/Shape_Cone.uasset" 151
"../../../../../unreal project/uas/Content/StarterContent/Shapes/Shape_Cylinder.uasset" 152
"../../../../../unreal project/uas/Content/StarterContent/Shapes/Shape_NarrowCapsule.uasset" 153
"../../../../../unreal project/uas/Content/StarterContent/Shapes/Shape_Pipe.uasset" 154
"../../../../../unreal project/uas/Content/StarterContent/Shapes/Shape_Pipe_180.uasset" 155
"../../../../../unreal project/uas/Content/StarterContent/Shapes/Shape_Pipe_90.uasset" 156
"../../../../../unreal project/uas/Content/StarterContent/Shapes/Shape_Plane.uasset" 157
"../../../../../unreal project/uas/Content/StarterContent/Shapes/Shape_Torus.uasset" 158
"../../../../../unreal project/uas/Content/StarterContent/Shapes/Shape_Trim.uasset" 159
"../../../../../unreal project/uas/Content/StarterContent/Shapes/Shape_Trim_90_In.uasset" 160
"../../../../../unreal project/uas/Content/StarterContent/Shapes/Shape_Trim_90_Out.uasset" 161
"../../../../../unreal project/uas/Content/StarterContent/Shapes/Shape_TriPyramid.uasset" 162
"../../../../../unreal project/uas/Content/StarterContent/Shapes/Shape_Tube.uasset" 163
"../../../../../unreal project/uas/Content/StarterContent/Shapes/Shape_Wedge_A.uasset" 164
"../../../../../unreal project/uas/Content/StarterContent/Shapes/Shape_Wedge_B.uasset" 165
"../../../../../unreal project/uas/Content/StarterContent/Shapes/Shape_WideCapsule.uasset" 166
"../../../../../unreal project/uas/Content/texture/02_-_Default.uasset" 167
"../../../../../unreal project/uas/Content/StarterContent/Textures/T_Metal_Steel_D.uasset" 168
"../../../../../unreal project/uas/Content/StarterContent/Textures/T_MacroVariation.uasset" 169
"../../../../../unreal project/uas/Content/StarterContent/Textures/T_Tech_Panel_N.uasset" 170
"../../../../../unreal project/uas/Content/StarterContent/Textures/T_Tech_Panel_M.uasset" 171
"../../../../../unreal project/uas/Content/StarterContent/Materials/M_Tech_Panel.uasset" 172
"../../../../../unreal project/uas/Content/texture/bzzz.uasset" 173
"../../../Engine/Content/Animation/DefaultAnimBoneCompressionSettings.uasset" 174
"../../../Engine/Content/Animation/DefaultAnimCurveCompressionSettings.uasset" 175
"../../../Engine/Content/ArtTools/RenderToTexture/Meshes/S_1_Unit_Plane.uasset" 176
"../../../Engine/Content/EngineMaterials/DefaultMaterial.uasset" 177
"../../../Engine/Content/BasicShapes/Cone.uasset" 178
"../../../Engine/Content/BasicShapes/Cube.uasset" 179
"../../../Engine/Content/EditorLandscapeResources/DataLayer.uasset" 180
"../../../Engine/Content/EditorLandscapeResources/DefaultAlphaTexture.uasset" 181
"../../../Engine/Content/EditorMaterials/MAT_Groups_Toggle.uasset" 182
"../../../Engine/Content/EditorMaterials/MAT_Groups_Visibility.uasset" 183
"../../../Engine/Content/EditorMaterials/PreviewShadowIndicator.uasset" 184
"../../../Engine/Content/EditorMaterials/PreviewShadowIndicatorMaterial.uasset" 185
"../../../Engine/Content/EditorMaterials/MatineeGroups/MAT_ColorTrack.uasset" 186
"../../../Engine/Content/EditorMaterials/MatineeGroups/MAT_Groups_Anim.uasset" 187
"../../../Engine/Content/EditorMaterials/MatineeGroups/MAT_Groups_AudioMaster.uasset" 188
"../../../Engine/Content/EditorMaterials/MatineeGroups/MAT_Groups_Director.uasset" 189
"../../../Engine/Content/EditorMaterials/MatineeGroups/MAT_Groups_Event.uasset" 190
"../../../Engine/Content/EditorMaterials/MatineeGroups/MAT_Groups_Fade.uasset" 191
"../../../Engine/Content/EditorMaterials/MatineeGroups/MAT_Groups_Float.uasset" 192
"../../../Engine/Content/EditorMaterials/MatineeGroups/MAT_Groups_Move.uasset" 193
"../../../Engine/Content/EditorMaterials/MatineeGroups/MAT_Groups_Slomo.uasset" 194
"../../../Engine/Content/EditorMaterials/MatineeGroups/MAT_Groups_Sound.uasset" 195
"../../../Engine/Content/EditorMaterials/MatineeGroups/MAT_Groups_Vector.uasset" 196
"../../../Engine/Content/EditorMaterials/ParticleSystems/PSysThumbnail_NoImage.uasset" 197
"../../../Engine/Content/EditorMaterials/ParticleSystems/PSysThumbnail_OOD.uasset" 198
"../../../Engine/Content/EditorMaterials/Camera/CineMat.uasset" 199
"../../../Engine/Content/EditorMaterials/Camera/MI_CineMat_Rig.uasset" 200
"../../../Engine/Content/EditorMeshes/Camera/SM_CraneRig_Arm.uasset" 201
"../../../Engine/Content/EditorMeshes/Camera/SM_CraneRig_Base.uasset" 202
"../../../Engine/Content/EditorMeshes/Camera/SM_CraneRig_Body.uasset" 203
"../../../Engine/Content/EditorMeshes/Camera/SM_CraneRig_Mount.uasset" 204
"../../../Engine/Content/EditorMeshes/Camera/SM_RailRig_Mount.uasset" 205
"../../../Engine/Content/EditorMeshes/Camera/SM_RailRig_Track.uasset" 206
"../../../Engine/Content/EditorResources/BSPVertex.uasset" 207
"../../../Engine/Content/EditorResources/EmptyActor.uasset" 208
"../../../Engine/Content/EditorResources/S_Actor.uasset" 209
"../../../Engine/Content/EditorResources/S_Note.uasset" 210
"../../../Engine/Content/EditorResources/S_Solver.uasset" 211
"../../../Engine/Content/EditorResources/S_Terrain.uasset" 212
"../../../Engine/Content/EditorResources/S_Trigger.uasset" 213
"../../../Engine/Content/EditorResources/AudioIcons/S_AudioComponent.uasset" 214
"../../../Engine/Content/EditorResources/AudioIcons/S_AudioComponent_AutoActivate.uasset" 215
"../../../Engine/Content/EditorResources/LightIcons/S_LightError.uasset" 216
"../../../Engine/Content/EditorResources/SequenceRecorder/Countdown.uasset" 217
"../../../Engine/Content/EditorResources/SequenceRecorder/RecordingIndicator.uasset" 218
"../../../Engine/Content/EngineDamageTypes/DmgTypeBP_Environmental.uasset" 219
"../../../Engine/Content/EngineDebugMaterials/DebugEditorMaterial.uasset" 220
"../../../Engine/Content/EngineDebugMaterials/DebugMeshMaterial.uasset" 221
"../../../Engine/Content/EngineDebugMaterials/M_SimpleUnlitTranslucent.uasset" 222
"../../../Engine/Content/EngineDebugMaterials/VolumeToRender.uasset" 223
"../../../Engine/Content/Functions/Engine_MaterialFunctions02/Utility/CameraDirectionVector.uasset" 224
"../../../Engine/Content/EngineDebugMaterials/M_VolumeRenderSphereTracePP.uasset" 225
"../../../Engine/Content/Functions/Engine_MaterialFunctions01/Shading/ConvertFromDiffSpec.uasset" 226
"../../../Engine/Content/EngineDebugMaterials/VertexColorMaterial.uasset" 227
"../../../Engine/Content/EngineDebugMaterials/WireframeMaterial.uasset" 228
"../../../Engine/Content/EngineFonts/Faces/RobotoRegular.uasset" 229
"../../../Engine/Content/EngineFonts/Faces/RobotoLight.uasset" 230
"../../../Engine/Content/EngineFonts/Faces/RobotoItalic.uasset" 231
"../../../Engine/Content/EngineFonts/Faces/RobotoBoldItalic.uasset" 232
"../../../Engine/Content/EngineFonts/Faces/RobotoBold.uasset" 233
"../../../Engine/Content/EngineFonts/Faces/DroidSansFallback.uasset" 234
"../../../Engine/Content/EngineFonts/Roboto.uasset" 235
"../../../Engine/Content/EngineMaterials/BaseFlattenNormalMap.uasset" 236
"../../../Engine/Content/EngineMaterials/BaseFlattenGrayscaleMap.uasset" 237
"../../../Engine/Content/EngineMaterials/BaseFlattenEmissiveMap.uasset" 238
"../../../Engine/Content/EngineMaterials/BaseFlattenDiffuseMap.uasset" 239
"../../../Engine/Content/EngineMaterials/BaseFlattenMaterial.uasset" 240
"../../../Engine/Content/EngineMaterials/BlueNoise.uasset" 241
"../../../Engine/Content/EngineMaterials/DefaultBloomKernel.uasset" 242
"../../../Engine/Content/EngineMaterials/DefaultBokeh.uasset" 243
"../../../Engine/Content/EngineMaterials/DefaultDiffuse.uasset" 244
"../../../Engine/Content/EngineMaterials/DefaultDeferredDecalMaterial.uasset" 245
"../../../Engine/Content/EngineMaterials/DefaultLightFunctionMaterial.uasset" 246
"../../../Engine/Content/EngineMaterials/DefaultPhysicalMaterial.uasset" 247
"../../../Engine/Content/Functions/Engine_MaterialFunctions02/Utility/BreakOutFloat2Components.uasset" 248
"../../../Engine/Content/EngineMaterials/DefaultPostProcessMaterial.uasset" 249
"../../../Engine/Content/EngineFonts/RobotoDistanceField.uasset" 250
"../../../Engine/Content/EngineMaterials/DefaultTextMaterialOpaque.uasset" 251
"../../../Engine/Content/EngineMaterials/DefaultWhiteGrid.uasset" 252
"../../../Engine/Content/EngineMaterials/DefaultWhiteGrid_Low.uasset" 253
"../../../Engine/Content/EngineMaterials/EmissiveMeshMaterial.uasset" 254
"../../../Engine/Content/EngineMaterials/GizmoMaterial.uasset" 255
"../../../Engine/Content/EngineMaterials/Good64x64TilingNoiseHighFreq.uasset" 256
"../../../Engine/Content/EngineMaterials/MiniFont.uasset" 257
"../../../Engine/Content/EngineMaterials/InvalidLightmapSettings.uasset" 258
"../../../Engine/Content/EngineMaterials/M_InvalidLightmapSettings.uasset" 259
"../../../Engine/Content/Functions/Engine_MaterialFunctions02/WorldPositionOffset/CameraOffset.uasset" 260
"../../../Engine/Content/EngineMaterials/PhAT_JointLimitMaterial.uasset" 261
"../../../Engine/Content/EngineMaterials/PreintegratedSkinBRDF.uasset" 262
"../../../Engine/Content/EngineMaterials/RemoveSurfaceMaterial.uasset" 263
"../../../Engine/Content/EngineMaterials/WeightMapPlaceholderTexture.uasset" 264
"../../../Engine/Content/EngineResources/WhiteSquareTexture.uasset" 265
"../../../Engine/Content/EngineMaterials/Widget3DPassThrough.uasset" 266
"../../../Engine/Content/EngineMaterials/Widget3DPassThrough_Masked.uasset" 267
"../../../Engine/Content/EngineMaterials/Widget3DPassThrough_Opaque.uasset" 268
"../../../Engine/Content/EngineMaterials/Widget3DPassThrough_Masked_OneSided.uasset" 269
"../../../Engine/Content/EngineMaterials/Widget3DPassThrough_Opaque_OneSided.uasset" 270
"../../../Engine/Content/EngineMaterials/Widget3DPassThrough_Translucent.uasset" 271
"../../../Engine/Content/EngineMaterials/Widget3DPassThrough_Translucent_OneSided.uasset" 272
"../../../Engine/Content/EngineMeshes/Cylinder.uasset" 273
"../../../Engine/Content/EngineMeshes/Sphere.uasset" 274
"../../../Engine/Content/EngineResources/Black.uasset" 275
"../../../Engine/Content/EngineResources/DefaultTextureCube.uasset" 276
"../../../Engine/Content/EngineResources/DefaultVolumeTexture2D.uasset" 277
"../../../Engine/Content/EngineResources/DefaultVolumeTexture.uasset" 278
"../../../Engine/Content/EngineResources/GradientTexture0.uasset" 279
"../../../Engine/Content/EngineSky/VolumetricClouds/T_NoiseShape64.uasset" 280
"../../../Engine/Content/EngineSky/VolumetricClouds/T_VolumeNoiseShape64.uasset" 281
"../../../Engine/Content/EngineSky/VolumetricClouds/T_NoiseErosion.uasset" 282
"../../../Engine/Content/EngineSky/VolumetricClouds/T_VolumeNoiseErosion32.uasset" 283
"../../../Engine/Content/EngineSky/VolumetricClouds/CloudWeatherTexture.uasset" 284
"../../../Engine/Content/EngineSky/VolumetricClouds/CloudGradientTexture.uasset" 285
"../../../Engine/Content/Functions/Engine_MaterialFunctions02/Utility/MakeFloat2.uasset" 286
"../../../Engine/Content/EngineSky/VolumetricClouds/m_SimpleVolumetricCloud.uasset" 287
"../../../Engine/Content/EngineSky/VolumetricClouds/m_SimpleVolumetricCloud_Inst.uasset" 288
"../../../Engine/Content/EngineSounds/Master.uasset" 289
"../../../Engine/Content/Functions/Engine_MaterialFunctions01/Shading/PowerToRoughness.uasset" 290
"../../../Engine/Content/Maps/Templates/Thumbnails/Default.uasset" 291
"../../../Engine/Content/Maps/Templates/Thumbnails/TimeOfDay.uasset" 292
"../../../Engine/Content/Maps/Templates/Thumbnails/VR-Basic.uasset" 293
"../../../Engine/Content/MobileResources/T_MobileControls_texture.uasset" 294
"../../../Engine/Content/MobileResources/T_MobileMenu2.uasset" 295
"../../../Engine/Content/MobileResources/HUD/AnalogHat.uasset" 296
"../../../Engine/Content/MobileResources/HUD/VirtualJoystick_Thumb.uasset" 297
"../../../Engine/Content/MobileResources/HUD/VirtualJoystick_Background.uasset" 298
"../../../Engine/Content/MobileResources/HUD/DefaultVirtualJoysticks.uasset" 299
"../../../Engine/Content/MobileResources/HUD/LeftVirtualJoystickOnly.uasset" 300
"../../../Engine/Content/MobileResources/HUD/MobileHUDButton1_off.uasset" 301
"../../../Engine/Content/MobileResources/HUD/MobileHUDButton1_on.uasset" 302
"../../../Engine/Content/MobileResources/HUD/MobileHUDButton2_off.uasset" 303
"../../../Engine/Content/MobileResources/HUD/MobileHUDButton2_on.uasset" 304
"../../../Engine/Content/MobileResources/HUD/MobileHUDButton3.uasset" 305
"../../../Engine/Content/MobileResources/HUD/MobileHUDButtonFire.uasset" 306
"../../../Engine/Content/MobileResources/HUD/MobileHUDDirectionPad.uasset" 307
"../../../Engine/Content/MobileResources/HUD/MobileHUDDirectionPad2.uasset" 308
"../../../Engine/Content/MobileResources/HUD/MobileHUDDirectionPad3.uasset" 309
"../../../Engine/Content/MobileResources/HUD/MobileHUDDirectionStick.uasset" 310
"../../../Engine/Content/MobileResources/HUD/T_Castle_ThumbstickInner.uasset" 311
"../../../Engine/Content/MobileResources/HUD/T_Castle_ThumbstickOutter.uasset" 312
"../../../Engine/Content/Tutorial/ContentIntroCurve.uasset" 313
"../../../Engine/Content/Tutorial/Basics/LevelEditorAttract.uasset" 314
"../../../Engine/Content/Tutorial/Basics/TutorialAssets/icon_tab_Levels_40x.uasset" 315
"../../../Engine/Content/Tutorial/Basics/LevelEditorOverview.uasset" 316
"../../../Engine/Content/VREditor/TransformGizmo/TranslucentTransformGizmoMaterial.uasset" 317
"../../../Engine/Content/VREditor/LaserPointer/VR_LaserPower_01.uasset" 318
"../../../Engine/Content/VREditor/TransformGizmo/TransformGizmoMaterial.uasset" 319
"../../../Engine/Content/VREditor/TransformGizmo/BoundingBoxCorner.uasset" 320
"../../../Engine/Content/VREditor/TransformGizmo/BoundingBoxEdge.uasset" 321
"../../../Engine/Content/VREditor/TransformGizmo/PlaneTranslationHandle.uasset" 322
"../../../Engine/Content/VREditor/TransformGizmo/Xray.uasset" 323
"../../../Engine/Content/VREditor/TransformGizmo/Main.uasset" 324
"../../../Engine/Content/VREditor/TransformGizmo/SM_Sequencer_Key.uasset" 325
"../../../Engine/Content/VREditor/TransformGizmo/SM_Sequencer_Node.uasset" 326
"../../Plugins/2D/Paper2D/Content/PlaceholderTextures/DummySpriteTexture.uasset" 327
"../../Plugins/2D/Paper2D/Content/DummySprite.uasset" 328
"../../Plugins/2D/Paper2D/Content/DefaultPaperTerrainMaterial.uasset" 329
"../../Plugins/2D/Paper2D/Content/DefaultSpriteMaterial.uasset" 330
"../../Plugins/2D/Paper2D/Content/MaskedUnlitSpriteMaterial.uasset" 331
"../../Plugins/2D/Paper2D/Content/OpaqueUnlitSpriteMaterial.uasset" 332
"../../../Engine/Content/Functions/Engine_MaterialFunctions02/Utility/BreakOutFloat3Components.uasset" 333
"../../Plugins/Editor/SpeedTreeImporter/Content/SpeedTree9/UnpackInteger3.uasset" 334
"../../Plugins/Editor/SpeedTreeImporter/Content/SpeedTree9/UnpackDirection.uasset" 335
"../../Plugins/Editor/SpeedTreeImporter/Content/SpeedTree9/game_wind_noise.uasset" 336
"../../../Engine/Content/Functions/Engine_MaterialFunctions02/SafeNormalize.uasset" 337
"../../Plugins/Editor/SpeedTreeImporter/Content/SpeedTree9/SpeedTreeWindMotion.uasset" 338
"../../Plugins/Editor/SpeedTreeImporter/Content/SpeedTree9/SpeedTreeBranchMotion.uasset" 339
"../../../Engine/Content/Functions/Engine_MaterialFunctions02/ObjectLocalBounds.uasset" 340
"../../../Engine/Content/Functions/Engine_MaterialFunctions02/UVs/BoundingBoxBased_0-1_UVW.uasset" 341
"../../Plugins/Editor/SpeedTreeImporter/Content/SpeedTree9/SpeedTreeWind.uasset" 342
"../../Plugins/Editor/SpeedTreeImporter/Content/SpeedTree9/SpeedTreeBillboard.uasset" 343
"../../../Engine/Content/EngineResources/DefaultTexture.uasset" 344
"../../Plugins/Editor/SpeedTreeImporter/Content/SpeedTree9/SpeedTreeBillboardMaster.uasset" 345
"../../Plugins/Editor/SpeedTreeImporter/Content/SpeedTree9/SpeedTreeCameraFacing.uasset" 346
"../../Plugins/Editor/SpeedTreeImporter/Content/SpeedTree9/SpeedTreeMaster.uasset" 347
"../../../Engine/Content/ArtTools/RenderToTexture/Materials/Debug/M_Emissive_Color.uasset" 348
"../../../Engine/Content/BasicShapes/Cylinder.uasset" 349
"../../Plugins/Lumin/MagicLeapPassableWorld/Content/MagicLeapARPinInfoActor.uasset" 350
"../../../Engine/Content/Functions/Engine_MaterialFunctions02/Utility/BreakOutFloat4Components.uasset" 351
"../../../Engine/Content/Functions/Engine_MaterialFunctions02/Utility/MakeFloat3.uasset" 352
"../../Plugins/Runtime/Oculus/OculusVR/Content/Materials/OculusMR_ChromaKey.uasset" 353
"../../Plugins/Runtime/Oculus/OculusVR/Content/Materials/OculusMR_OpaqueColoredMaterial.uasset" 354
"../../Plugins/Runtime/Oculus/OculusVR/Content/Materials/PokeAHoleMaterial.uasset" 355
"../../../../../unreal project/uas/Content/texture/03_-_Default.uasset" 356
"../../../../../unreal project/uas/Content/texture/ered.uasset" 357
"../../../../../unreal project/uas/Content/StarterContent/Textures/T_Metal_Steel_N.uasset" 358
"../../../../../unreal project/uas/Content/FirstPersonBP/temple/brigde2.uasset" 359
"../../../../../unreal project/uas/Content/StarterContent/Textures/T_Rock_Basalt_N.uasset" 360
"../../../../../unreal project/uas/Content/FirstPersonBP/temple/first_roomMat.uasset" 361
"../../../../../unreal project/uas/Content/StarterContent/Textures/T_Rock_Sandstone_N.uasset" 362
"../../../../../unreal project/uas/Content/StarterContent/Textures/T_Rock_Sandstone_D.uasset" 363
"../../../../../unreal project/uas/Content/FirstPersonBP/temple/floor_1Mat.uasset" 364
"../../../../../unreal project/uas/Content/FirstPersonBP/temple/floor_coridorMat.uasset" 365
"../../../../../unreal project/uas/Content/FirstPersonBP/temple/lever/wire_166229229.uasset" 366
"../../../../../unreal project/uas/Content/FirstPersonBP/temple/lever/lever_Box001.uasset" 367
"../../../../../unreal project/uas/Content/FirstPersonBP/temple/lever/wire_225143087.uasset" 368
"../../../../../unreal project/uas/Content/FirstPersonBP/temple/lever/lever_Box002.uasset" 369
"../../../../../unreal project/uas/Content/FirstPersonBP/temple/S__30580744_2.uasset" 370
"../../../../../unreal project/uas/Content/FirstPersonBP/temple/pintuchamber3.uasset" 371
"../../../../../unreal project/uas/Content/FirstPersonBP/temple/MAZE_2_brigde.uasset" 372
"../../../../../unreal project/uas/Content/FirstPersonBP/temple/floor_brigdeMat.uasset" 373
"../../../../../unreal project/uas/Content/FirstPersonBP/temple/MAZE_2_floor_brigde.uasset" 374
"../../../../../unreal project/uas/Content/widgets/press.uasset" 375
"../../../Engine/Content/EditorSounds/GamePreview/EjectFromPlayer.uasset" 376
"../../../../../unreal project/uas/Content/Blueprints/lever.uasset" 377
"../../../../../unreal project/uas/Content/FirstPerson/Meshes/FirstPersonProjectileMaterial.uasset" 378
"../../../../../unreal project/uas/Content/FirstPerson/Meshes/FirstPersonProjectileMesh.uasset" 379
"../../../../../unreal project/uas/Content/FirstPersonBP/Blueprints/FirstPersonProjectile.uasset" 380
"../../../../../unreal project/uas/Content/FirstPerson/Animations/FirstPerson_Fire.uasset" 381
"../../../../../unreal project/uas/Content/FirstPerson/Animations/FirstPersonFire_Montage.uasset" 382
"../../../../../unreal project/uas/Content/FirstPerson/Audio/FirstPersonTemplateWeaponFire02.uasset" 383
"../../../Engine/Content/Functions/MaterialLayerFunctions/MatLayerBlend_NormalBlend.uasset" 384
"../../../Engine/Content/Functions/MaterialLayerFunctions/MatLayerBlend_Simple.uasset" 385
"../../../../../unreal project/uas/Content/FirstPerson/Character/Materials/MaterialLayers/T_ML_Rubber_Blue_01_N.uasset" 386
"../../../../../unreal project/uas/Content/FirstPerson/Character/Materials/MaterialLayers/T_ML_Rubber_Blue_01_D.uasset" 387
"../../../../../unreal project/uas/Content/FirstPerson/Character/Materials/MaterialLayers/ML_GlossyBlack_Latex_UE4.uasset" 388
"../../../../../unreal project/uas/Content/FirstPerson/Character/Materials/MaterialLayers/ML_Plastic_Shiny_Beige.uasset" 389
"../../../../../unreal project/uas/Content/FirstPerson/Character/Materials/MaterialLayers/T_ML_Aluminum01_N.uasset" 390
"../../../../../unreal project/uas/Content/FirstPerson/Character/Materials/MaterialLayers/T_ML_Aluminum01.uasset" 391
"../../../../../unreal project/uas/Content/FirstPerson/Character/Materials/MaterialLayers/ML_SoftMetal_UE4.uasset" 392
"../../../../../unreal project/uas/Content/FirstPerson/Character/Materials/MaterialLayers/ML_Plastic_Shiny_Beige_LOGO.uasset" 393
"../../../../../unreal project/uas/Content/FirstPerson/Character/Textures/UE4_Mannequin_MAT_MASKA.uasset" 394
"../../../../../unreal project/uas/Content/FirstPerson/Character/Textures/UE4_Mannequin__normals.uasset" 395
"../../../../../unreal project/uas/Content/FirstPerson/Character/Materials/M_UE4Man_Body.uasset" 396
"../../../../../unreal project/uas/Content/FirstPerson/Character/Mesh/SK_Mannequin_Arms_PhysicsAsset.uasset" 397
"../../../../../unreal project/uas/Content/FirstPerson/Character/Mesh/SK_Mannequin_Arms.uasset" 398
"../../../../../unreal project/uas/Content/image/exal.uasset" 399
"../../../../../unreal project/uas/Content/widgets/winwidget.uasset" 400
"../../../../../unreal project/uas/Content/widgets/timerwidget.uasset" 401
"../../../../../unreal project/uas/Content/image/lose.uasset" 402
"../../../../../unreal project/uas/Content/widgets/losewidget.uasset" 403
"../../../../../unreal project/uas/Content/MainMenu/pai.uasset" 404
"../../../../../unreal project/uas/Content/FirstPerson/FPWeapon/Textures/T_FPGun_N.uasset" 405
"../../../../../unreal project/uas/Content/FirstPerson/FPWeapon/Textures/T_FPGun_M.uasset" 406
"../../../../../unreal project/uas/Content/FirstPerson/FPWeapon/Materials/MaterialLayers/T_ML_Aluminum01_N.uasset" 407
"../../../../../unreal project/uas/Content/FirstPerson/FPWeapon/Materials/MaterialLayers/T_ML_Aluminum01.uasset" 408
"../../../../../unreal project/uas/Content/FirstPerson/FPWeapon/Materials/MaterialLayers/ML_SoftMetal_UE4.uasset" 409
"../../../../../unreal project/uas/Content/FirstPerson/FPWeapon/Materials/MaterialLayers/ML_Screen.uasset" 410
"../../../../../unreal project/uas/Content/FirstPerson/FPWeapon/Materials/MaterialLayers/ML_Plastic_Shiny_Beige.uasset" 411
"../../../../../unreal project/uas/Content/FirstPerson/FPWeapon/Materials/MaterialLayers/T_ML_Rubber_Blue_01_N.uasset" 412
"../../../../../unreal project/uas/Content/FirstPerson/FPWeapon/Materials/MaterialLayers/T_ML_Rubber_Blue_01_D.uasset" 413
"../../../../../unreal project/uas/Content/FirstPerson/FPWeapon/Materials/MaterialLayers/ML_GlossyBlack_Latex_UE4.uasset" 414
"../../../../../unreal project/uas/Content/FirstPerson/FPWeapon/Materials/M_FPGun.uasset" 415
"../../../../../unreal project/uas/Content/FirstPerson/FPWeapon/Mesh/SK_FPGun_Skeleton.uasset" 416
"../../../../../unreal project/uas/Content/FirstPerson/FPWeapon/Mesh/SK_FPGun.uasset" 417
"../../../../../unreal project/uas/Content/damage.uasset" 418
"../../../../../unreal project/uas/Content/FirstPersonBP/Blueprints/FirstPersonCharacter.uasset" 419
"../../../../../unreal project/uas/Content/Geometry/Meshes/1M_Cube.uasset" 420
"../../../../../unreal project/uas/Content/Blueprints/NewBlueprint1.uasset" 421
"../../../../../unreal project/uas/Content/Blueprints/NewBlueprint1_2.uasset" 422
"../../../../../unreal project/uas/Content/Blueprints/newlever.uasset" 423
"../../../../../unreal project/uas/Content/StarterContent/Textures/T_Water_N.uasset" 424
"../../../../../unreal project/uas/Content/Blueprints/water.uasset" 425
"../../../../../unreal project/uas/Content/StarterContent/Audio/Explosion_Cue.uasset" 426
"../../../../../unreal project/uas/Content/StarterContent/Textures/T_Smoke_Tiled_D.uasset" 427
"../../../../../unreal project/uas/Content/StarterContent/Textures/T_Smoke_SubUV.uasset" 428
"../../../../../unreal project/uas/Content/StarterContent/Particles/Materials/M_smoke_subUV.uasset" 429
"../../../Engine/Content/Functions/Engine_MaterialFunctions01/Gradient/RadialGradient.uasset" 430
"../../../../../unreal project/uas/Content/StarterContent/Particles/Materials/M_radial_ramp.uasset" 431
"../../../../../unreal project/uas/Content/StarterContent/Particles/Materials/m_flare_01.uasset" 432
"../../../../../unreal project/uas/Content/StarterContent/Textures/T_Explosion_SubUV.uasset" 433
"../../../../../unreal project/uas/Content/StarterContent/Particles/Materials/M_explosion_subUV.uasset" 434
"../../../../../unreal project/uas/Content/StarterContent/Textures/T_Burst_M.uasset" 435
"../../../../../unreal project/uas/Content/StarterContent/Particles/Materials/M_Burst.uasset" 436
"../../../../../unreal project/uas/Content/StarterContent/Particles/P_Explosion.uasset" 437
"../../../../../unreal project/uas/Content/StarterContent/Blueprints/Blueprint_Effect_Explosion.uasset" 438
"../../../../../unreal project/uas/Content/texture/01_-_Default.uasset" 439
"../../../../../unreal project/uas/Content/StarterContent/Audio/Explosion01.uasset" 440
"../../../../../unreal project/uas/Content/Blueprints/hhh.uasset" 441
"../../../../../unreal project/uas/Content/Blueprints/EvilCubeAI.uasset" 442
"../../../../../unreal project/uas/Content/Blueprints/yellow.uasset" 443
"../../../../../unreal project/uas/Content/FirstPersonBP/temple/ligh2.uasset" 444
"../../../../../unreal project/uas/Content/Blueprints/gate.uasset" 445
"../../../../../unreal project/uas/Content/widgets/point.uasset" 446
"../../../../../unreal project/uas/Content/widgets/hp.uasset" 447
"../../../../../unreal project/uas/Content/map2/Plane001Mat.uasset" 448
"../../../../../unreal project/uas/Content/map2/temple_Plane001.uasset" 449
"../../../../../unreal project/uas/Content/map2/Box001Mat.uasset" 450
"../../../../../unreal project/uas/Content/map2/temple_Box001.uasset" 451
"../../../../../unreal project/uas/Content/image/1624865015884.uasset" 452
"../../../../../unreal project/uas/Content/image/1624864973158.uasset" 453
"../../../../../unreal project/uas/Content/widgets/dialog2.uasset" 454
"../../../../../unreal project/uas/Content/widgets/dialog1.uasset" 455
"../../../../../unreal project/uas/Content/image/male.uasset" 456
"../../../../../unreal project/uas/Content/image/female.uasset" 457
"../../../../../unreal project/uas/Content/story/story.uasset" 458
"../../../../../unreal project/uas/Content/MainMenu/image0.uasset" 459
"../../../../../unreal project/uas/Content/MainMenu/IMG_8556_-_Copy.uasset" 460
"../../../../../unreal project/uas/Content/MainMenu/credits_widget.uasset" 461
"../../../../../unreal project/uas/Content/MainMenu/Main_menu.uasset" 462
"../../../../../unreal project/uas/Content/FirstPersonBP/temple/normal_map.uasset" 463
"../../../../../unreal project/uas/Content/FirstPersonBP/temple/bump_map.uasset" 464
"../../../../../unreal project/uas/Content/FirstPersonBP/temple/357fdcf8f897de225e23b31edaaa6adb.uasset" 465
"../../../../../unreal project/uas/Content/FirstPersonBP/temple/room_3Mat.uasset" 466
"../../../../../unreal project/uas/Content/FirstPersonBP/temple/MAZE_2_room_3.uasset" 467
"../../../../../unreal project/uas/Content/FirstPersonBP/temple/MAZE_2_room_2.uasset" 468
"../../../../../unreal project/uas/Content/FirstPersonBP/temple/MAZE_2_floor_coridor.uasset" 469
"../../../../../unreal project/uas/Content/FirstPersonBP/temple/floor_3Mat.uasset" 470
"../../../../../unreal project/uas/Content/FirstPersonBP/temple/MAZE_2_floor_3.uasset" 471
"../../../../../unreal project/uas/Content/FirstPersonBP/temple/floor2.uasset" 472
"../../../../../unreal project/uas/Content/FirstPersonBP/temple/MAZE_2_floor_2.uasset" 473
"../../../../../unreal project/uas/Content/FirstPersonBP/temple/MAZE_2_floor_1.uasset" 474
"../../../../../unreal project/uas/Content/FirstPersonBP/temple/MAZE_2_first_room.uasset" 475
"../../../../../unreal project/uas/Content/FirstPersonBP/temple/unnamed__1_.uasset" 476
"../../../../../unreal project/uas/Content/FirstPersonBP/temple/mukakmomon.uasset" 477
"../../../../../unreal project/uas/Content/FirstPersonBP/temple/MAZE_2_coridor.uasset" 478
"../../../../../unreal project/uas/Content/FirstPersonBP/temple/MAZE_2_brigde001.uasset" 479
"../../../Engine/Content/EngineSky/T_Sky_Stars.uasset" 480
"../../../Engine/Content/EngineSky/T_Sky_Clouds_M.uasset" 481
"../../../Engine/Content/EngineSky/T_Sky_Blue.uasset" 482
"../../../Engine/Content/BasicShapes/Sphere.uasset" 483
"../../../Engine/Content/BasicShapes/Plane.uasset" 484
"../../../Engine/Content/BasicShapes/Cube1.uasset" 485
"../../../../../unreal project/uas/Content/texture/exalhaha.uasset" 486
"../../../Engine/Content/EngineSky/M_Sky_Panning_Clouds2.uasset" 487
"../../../Engine/Content/BasicShapes/BasicShapeMaterial.uasset" 488
"../../../../../unreal project/uas/Content/FirstPersonBP/Maps/FirstPersonExampleMap_BuiltData.uasset" 489
"../../../../../unreal project/uas/Content/FirstPersonBP/temple/floor2extra.uasset" 490
"../../../Engine/Content/EngineSky/SM_SkySphere.uasset" 491
"../../../Engine/Content/EngineSky/C_Sky_Zenith_Color.uasset" 492
"../../../Engine/Content/EngineSky/C_Sky_Horizon_Color.uasset" 493
"../../../Engine/Content/EngineSky/C_Sky_Cloud_Color.uasset" 494
"../../../Engine/Content/EngineSky/BP_Sky_Sphere.uasset" 495
"../../../../../unreal project/uas/Content/FirstPerson/Textures/FirstPersonCrosshair.uasset" 496
"../../../../../unreal project/uas/Content/FirstPersonBP/Blueprints/FirstPersonHUD.uasset" 497
"../../../../../unreal project/uas/Content/FirstPersonBP/Blueprints/FirstPersonGameMode.uasset" 498
"../../../../../unreal project/uas/Content/Blueprints/door.uasset" 499
"../../../../../unreal project/uas/Content/FirstPersonBP/Maps/FirstPersonExampleMap.umap" 500
"../../../../../unreal project/uas/Content/StarterContent/Materials/M_AssetPlatform.uasset" 501
"../../../../../unreal project/uas/Content/StarterContent/Architecture/SM_AssetPlatform.uasset" 502
"../../../Engine/Content/EditorMeshes/ColorCalibrator/M_GreyBall.uasset" 503
"../../../Engine/Content/EditorMeshes/ColorCalibrator/Color_checker.uasset" 504
"../../../Engine/Content/EditorMeshes/ColorCalibrator/M_ColorGrid.uasset" 505
"../../../Engine/Content/EditorMeshes/ColorCalibrator/M_ClearCoatBlack.uasset" 506
"../../../Engine/Content/EditorMeshes/ColorCalibrator/M_ClearCoat.uasset" 507
"../../../Engine/Content/EditorMeshes/ColorCalibrator/M_ChromeBall.uasset" 508
"../../../Engine/Content/EditorMeshes/ColorCalibrator/SM_ColorCalibrator.uasset" 509
"../../../../../unreal project/uas/Content/StarterContent/Maps/Advanced_Lighting_BuiltData.uasset" 510
"../../../../../unreal project/uas/Content/StarterContent/HDRI/HDRI_Epic_Courtyard_Daylight.uasset" 511
"../../../Engine/Content/MapTemplates/Sky/DaylightAmbientCubemap.uasset" 512
"../../../../../unreal project/uas/Content/StarterContent/Blueprints/Assets/M_LightStage_Skybox_Master.uasset" 513
"../../../../../unreal project/uas/Content/StarterContent/Blueprints/Assets/M_LightStage_Skybox_HDRI.uasset" 514
"../../../../../unreal project/uas/Content/StarterContent/Blueprints/Assets/M_LightStage_Arrows.uasset" 515
"../../../../../unreal project/uas/Content/StarterContent/Blueprints/Assets/SM_Arrows.uasset" 516
"../../../Engine/Content/EditorMaterials/Thumbnails/SkySphereMaterial.uasset" 517
"../../../../../unreal project/uas/Content/StarterContent/Blueprints/Assets/Skybox.uasset" 518
"../../../../../unreal project/uas/Content/StarterContent/Blueprints/Assets/M_LightStage_Skybox_Black.uasset" 519
"../../../../../unreal project/uas/Content/StarterContent/Blueprints/Assets/SunlightColorLUT.uasset" 520
"../../../../../unreal project/uas/Content/StarterContent/Blueprints/Assets/FogBrightnessLUT.uasset" 521
"../../../../../unreal project/uas/Content/StarterContent/Blueprints/BP_LightStudio.uasset" 522
"../../../../../unreal project/uas/Content/StarterContent/Maps/Advanced_Lighting.umap" 523
"../../../../../unreal project/uas/Content/StarterContent/Architecture/Floor_400x400.uasset" 524
"../../../../../unreal project/uas/Content/StarterContent/Textures/T_TableRound_N.uasset" 525
"../../../../../unreal project/uas/Content/StarterContent/Textures/T_TableRound_M.uasset" 526
"../../../../../unreal project/uas/Content/StarterContent/Props/Materials/M_TableRound.uasset" 527
"../../../../../unreal project/uas/Content/StarterContent/Props/SM_TableRound.uasset" 528
"../../../../../unreal project/uas/Content/StarterContent/Textures/T_Statue_N.uasset" 529
"../../../../../unreal project/uas/Content/StarterContent/Textures/T_Statue_M.uasset" 530
"../../../../../unreal project/uas/Content/StarterContent/Props/Materials/M_Statue.uasset" 531
"../../../../../unreal project/uas/Content/StarterContent/Props/Materials/M_StatueGlass.uasset" 532
"../../../../../unreal project/uas/Content/StarterContent/Props/SM_Statue.uasset" 533
"../../../../../unreal project/uas/Content/StarterContent/Props/SM_Chair.uasset" 534
"../../../../../unreal project/uas/Content/StarterContent/Textures/T_Metal_Copper_D.uasset" 535
"../../../../../unreal project/uas/Content/StarterContent/Textures/T_Metal_Gold_N.uasset" 536
"../../../../../unreal project/uas/Content/StarterContent/Materials/M_Metal_Copper.uasset" 537
"../../../../../unreal project/uas/Content/StarterContent/Textures/T_Metal_Aluminum_D.uasset" 538
"../../../../../unreal project/uas/Content/StarterContent/Materials/M_Metal_Burnished_Steel.uasset" 539
"../../../../../unreal project/uas/Content/StarterContent/Materials/M_Metal_Brushed_Nickel.uasset" 540
"../../../../../unreal project/uas/Content/StarterContent/Maps/Minimal_Default_BuiltData.uasset" 541
"../../../../../unreal project/uas/Content/StarterContent/Audio/Starter_Background_Cue.uasset" 542
"../../../../../unreal project/uas/Content/StarterContent/Maps/Minimal_Default.umap" 543
"../../../../../unreal project/uas/Content/StarterContent/Shapes/Shape_Sphere.uasset" 544
"../../../../../unreal project/uas/Content/StarterContent/Shapes/Shape_QuadPyramid.uasset" 545
"../../../../../unreal project/uas/Content/StarterContent/Shapes/Shape_Cube.uasset" 546
"../../../../../unreal project/uas/Content/StarterContent/Textures/T_Frame_N.uasset" 547
"../../../../../unreal project/uas/Content/StarterContent/Textures/T_Frame_M.uasset" 548
"../../../../../unreal project/uas/Content/StarterContent/Props/Materials/M_Frame.uasset" 549
"../../../../../unreal project/uas/Content/StarterContent/Props/SM_WindowFrame.uasset" 550
"../../../../../unreal project/uas/Content/StarterContent/Props/SM_PillarFrame300.uasset" 551
"../../../../../unreal project/uas/Content/StarterContent/Props/SM_PillarFrame.uasset" 552
"../../../../../unreal project/uas/Content/StarterContent/Props/SM_GlassWindow.uasset" 553
"../../../../../unreal project/uas/Content/StarterContent/Props/SM_DoorFrame.uasset" 554
"../../../../../unreal project/uas/Content/StarterContent/Props/SM_CornerFrame.uasset" 555
"../../../../../unreal project/uas/Content/StarterContent/Props/MaterialSphere.uasset" 556
"../../../../../unreal project/uas/Content/StarterContent/Textures/T_Dust_Particle_D.uasset" 557
"../../../../../unreal project/uas/Content/StarterContent/Particles/Materials/M_Dust_Particle.uasset" 558
"../../../../../unreal project/uas/Content/StarterContent/Particles/P_Ambient_Dust.uasset" 559
"../../../../../unreal project/uas/Content/StarterContent/Textures/T_Wood_Walnut_N.uasset" 560
"../../../../../unreal project/uas/Content/StarterContent/Textures/T_Wood_Walnut_D.uasset" 561
"../../../../../unreal project/uas/Content/StarterContent/Materials/M_Wood_Walnut.uasset" 562
"../../../../../unreal project/uas/Content/StarterContent/Textures/T_Perlin_Noise_M.uasset" 563
"../../../../../unreal project/uas/Content/StarterContent/Textures/T_Wood_Pine_N.uasset" 564
"../../../../../unreal project/uas/Content/StarterContent/Textures/T_Wood_Pine_D.uasset" 565
"../../../../../unreal project/uas/Content/StarterContent/Materials/M_Wood_Pine.uasset" 566
"../../../../../unreal project/uas/Content/StarterContent/Textures/T_Wood_Oak_N.uasset" 567
"../../../../../unreal project/uas/Content/StarterContent/Textures/T_Wood_Oak_D.uasset" 568
"../../../../../unreal project/uas/Content/StarterContent/Materials/M_Wood_Oak.uasset" 569
"../../../Engine/Content/Functions/Engine_MaterialFunctions01/Opacity/AlphaOffset.uasset" 570
"../../../../../unreal project/uas/Content/StarterContent/Textures/T_Wood_Floor_Walnut_N.uasset" 571
"../../../../../unreal project/uas/Content/StarterContent/Textures/T_Wood_Floor_Walnut_M.uasset" 572
"../../../../../unreal project/uas/Content/StarterContent/Textures/T_Wood_Floor_Walnut_D.uasset" 573
"../../../../../unreal project/uas/Content/StarterContent/Materials/M_Wood_Floor_Walnut_Worn.uasset" 574
"../../../../../unreal project/uas/Content/StarterContent/Materials/M_Wood_Floor_Walnut_Polished.uasset" 575
"../../../../../unreal project/uas/Content/StarterContent/Textures/T_Water_M.uasset" 576
"../../../../../unreal project/uas/Content/StarterContent/Materials/M_Water_Ocean.uasset" 577
"../../../../../unreal project/uas/Content/StarterContent/Materials/M_Water_Lake.uasset" 578
"../../../../../unreal project/uas/Content/StarterContent/Textures/T_Tech_Hex_Tile_N.uasset" 579
"../../../../../unreal project/uas/Content/StarterContent/Textures/T_Tech_Hex_Tile_M.uasset" 580
"../../../../../unreal project/uas/Content/StarterContent/Materials/M_Tech_Hex_Tile_Pulse.uasset" 581
"../../../../../unreal project/uas/Content/StarterContent/Materials/M_Tech_Hex_Tile.uasset" 582
"../../../../../unreal project/uas/Content/StarterContent/Textures/T_Tech_Dot_N.uasset" 583
"../../../../../unreal project/uas/Content/StarterContent/Textures/T_Tech_Dot_M.uasset" 584
"../../../../../unreal project/uas/Content/StarterContent/Textures/T_Single_Tile_N.uasset" 585
"../../../../../unreal project/uas/Content/StarterContent/Textures/T_Checker_Noise_M.uasset" 586
"../../../../../unreal project/uas/Content/StarterContent/Materials/M_Tech_Checker_Dot.uasset" 587
"../../../../../unreal project/uas/Content/StarterContent/Textures/T_Rock_Slate_N.uasset" 588
"../../../../../unreal project/uas/Content/StarterContent/Textures/T_Rock_Slate_D.uasset" 589
"../../../../../unreal project/uas/Content/StarterContent/Materials/M_Rock_Slate.uasset" 590
"../../../../../unreal project/uas/Content/StarterContent/Materials/M_Rock_Sandstone.uasset" 591
"../../../../../unreal project/uas/Content/StarterContent/Audio/Collapse_Cue.uasset" 592
"../../../../../unreal project/uas/Content/StarterContent/Architecture/Wall_Window_400x300.uasset" 593
"../../../../../unreal project/uas/Content/StarterContent/Architecture/Wall_Door_400x300.uasset" 594
"../../../../../unreal project/uas/Content/StarterContent/Architecture/Wall_400x200.uasset" 595
"../../../../../unreal project/uas/Content/StarterContent/Textures/T_Rock_Marble_Polished_D.uasset" 596
"../../../../../unreal project/uas/Content/StarterContent/Materials/M_Rock_Marble_Polished.uasset" 597
"../../../../../unreal project/uas/Content/StarterContent/Materials/M_Rock_Basalt.uasset" 598
"../../../../../unreal project/uas/Content/StarterContent/Materials/M_Metal_Steel.uasset" 599
"../../../../../unreal project/uas/Content/StarterContent/Textures/T_Metal_Rust_D.uasset" 600
"../../../../../unreal project/uas/Content/StarterContent/Textures/T_Metal_Rust_N.uasset" 601
"../../../../../unreal project/uas/Content/StarterContent/Materials/M_Metal_Rust.uasset" 602
"../../../../../unreal project/uas/Content/StarterContent/Textures/T_Metal_Gold_D.uasset" 603
"../../../../../unreal project/uas/Content/StarterContent/Materials/M_Metal_Gold.uasset" 604
"../../../../../unreal project/uas/Content/StarterContent/Materials/M_Metal_Chrome.uasset" 605
"../../../../../unreal project/uas/Content/StarterContent/Textures/T_Ground_Moss_N.uasset" 606
"../../../../../unreal project/uas/Content/StarterContent/Textures/T_ground_Moss_D.uasset" 607
"../../../../../unreal project/uas/Content/StarterContent/Materials/M_Ground_Moss.uasset" 608
"../../../../../unreal project/uas/Content/StarterContent/Textures/T_Ground_Gravel_N.uasset" 609
"../../../../../unreal project/uas/Content/StarterContent/Textures/T_Ground_Gravel_D.uasset" 610
"../../../../../unreal project/uas/Content/StarterContent/Materials/M_Ground_Gravel.uasset" 611
"../../../../../unreal project/uas/Content/StarterContent/Textures/T_Ground_Grass_N.uasset" 612
"../../../../../unreal project/uas/Content/StarterContent/Textures/T_Ground_Grass_D.uasset" 613
"../../../../../unreal project/uas/Content/StarterContent/Materials/M_Ground_Grass.uasset" 614
"../../../../../unreal project/uas/Content/StarterContent/Textures/T_Concrete_Tiles_Variation_M.uasset" 615
"../../../../../unreal project/uas/Content/StarterContent/Textures/T_Concrete_Tiles_N.uasset" 616
"../../../../../unreal project/uas/Content/StarterContent/Textures/T_Concrete_Tiles_M.uasset" 617
"../../../../../unreal project/uas/Content/StarterContent/Textures/T_Concrete_Tiles_D.uasset" 618
"../../../../../unreal project/uas/Content/StarterContent/Materials/M_Concrete_Tiles.uasset" 619
"../../../../../unreal project/uas/Content/StarterContent/Textures/T_Concrete_Panels_N.uasset" 620
"../../../../../unreal project/uas/Content/StarterContent/Textures/T_Concrete_Panels_D.uasset" 621
"../../../../../unreal project/uas/Content/StarterContent/Materials/M_Concrete_Panels.uasset" 622
"../../../../../unreal project/uas/Content/StarterContent/Textures/T_Concrete_Grime_D.uasset" 623
"../../../../../unreal project/uas/Content/StarterContent/Materials/M_Concrete_Grime.uasset" 624
"../../../../../unreal project/uas/Content/StarterContent/Textures/T_CobbleStone_Smooth_N.uasset" 625
"../../../../../unreal project/uas/Content/StarterContent/Textures/T_CobbleStone_Smooth_M.uasset" 626
"../../../../../unreal project/uas/Content/StarterContent/Textures/T_CobbleStone_Smooth_D.uasset" 627
"../../../../../unreal project/uas/Content/StarterContent/Textures/T_Rock_Smooth_Granite_D.uasset" 628
"../../../../../unreal project/uas/Content/StarterContent/Textures/T_Gradinet_01.uasset" 629
"../../../../../unreal project/uas/Content/StarterContent/Materials/M_CobbleStone_Smooth.uasset" 630
"../../../../../unreal project/uas/Content/StarterContent/Textures/T_CobbleStone_Rough_N.uasset" 631
"../../../../../unreal project/uas/Content/StarterContent/Textures/T_CobbleStone_Rough_D.uasset" 632
"../../../../../unreal project/uas/Content/StarterContent/Materials/M_CobbleStone_Rough.uasset" 633
"../../../../../unreal project/uas/Content/StarterContent/Textures/T_CobbleStone_Pebble_N.uasset" 634
"../../../../../unreal project/uas/Content/StarterContent/Textures/T_CobbleStone_Pebble_M.uasset" 635
"../../../../../unreal project/uas/Content/StarterContent/Textures/T_CobbleStone_Pebble_D.uasset" 636
"../../../../../unreal project/uas/Content/StarterContent/Materials/M_CobbleStone_Pebble.uasset" 637
"../../../../../unreal project/uas/Content/StarterContent/Textures/T_Ceramic_Tile_N.uasset" 638
"../../../../../unreal project/uas/Content/StarterContent/Textures/T_Ceramic_Tile_M.uasset" 639
"../../../../../unreal project/uas/Content/StarterContent/Materials/M_Ceramic_Tile_Checker.uasset" 640
"../../../../../unreal project/uas/Content/StarterContent/Textures/T_Brick_Hewn_Stone_N.uasset" 641
"../../../../../unreal project/uas/Content/StarterContent/Textures/T_Brick_Hewn_Stone_M.uasset" 642
"../../../../../unreal project/uas/Content/StarterContent/Textures/T_Brick_Hewn_Stone_D.uasset" 643
"../../../../../unreal project/uas/Content/StarterContent/Materials/M_Brick_Hewn_Stone.uasset" 644
"../../../../../unreal project/uas/Content/StarterContent/Textures/T_Brick_Cut_Stone_N.uasset" 645
"../../../../../unreal project/uas/Content/StarterContent/Textures/T_Brick_Cut_Stone_D.uasset" 646
"../../../../../unreal project/uas/Content/StarterContent/Materials/M_Brick_Cut_Stone.uasset" 647
"../../../../../unreal project/uas/Content/StarterContent/Textures/T_Brick_Clay_Old_D.uasset" 648
"../../../../../unreal project/uas/Content/StarterContent/Materials/M_Brick_Clay_Old.uasset" 649
"../../../../../unreal project/uas/Content/StarterContent/Textures/T_Brick_Clay_New_N.uasset" 650
"../../../../../unreal project/uas/Content/StarterContent/Textures/T_Brick_Clay_New_M.uasset" 651
"../../../../../unreal project/uas/Content/StarterContent/Textures/T_Brick_Clay_New_D.uasset" 652
"../../../../../unreal project/uas/Content/StarterContent/Materials/M_Brick_Clay_New.uasset" 653
"../../../../../unreal project/uas/Content/StarterContent/Textures/T_Brick_Clay_Beveled_N.uasset" 654
"../../../../../unreal project/uas/Content/StarterContent/Textures/T_Brick_Clay_Beveled_M.uasset" 655
"../../../../../unreal project/uas/Content/StarterContent/Textures/T_Brick_Clay_Beveled_D.uasset" 656
"../../../../../unreal project/uas/Content/StarterContent/Materials/M_Brick_Clay_Beveled.uasset" 657
"../../../Engine/Content/Functions/Engine_MaterialFunctions03/Procedurals/ComputeFilterWidth.uasset" 658
"../../../Engine/Content/EngineMaterials/AntiAliasedTextMaterialTranslucent.uasset" 659
"../../../../../unreal project/uas/Content/StarterContent/Maps/StarterMap_BuiltData.uasset" 660
"../../../../../unreal project/uas/Content/StarterContent/Textures/T_Concrete_Poured_N.uasset" 661
"../../../../../unreal project/uas/Content/StarterContent/Textures/T_Concrete_Poured_D.uasset" 662
"../../../../../unreal project/uas/Content/StarterContent/Materials/M_Concrete_Poured.uasset" 663
"../../../../../unreal project/uas/Content/StarterContent/Textures/T_Lamp_N.uasset" 664
"../../../../../unreal project/uas/Content/StarterContent/Textures/T_Lamp_M.uasset" 665
"../../../../../unreal project/uas/Content/StarterContent/Props/Materials/M_Lamp.uasset" 666
"../../../../../unreal project/uas/Content/StarterContent/Props/SM_Lamp_Wall.uasset" 667
"../../../../../unreal project/uas/Content/StarterContent/Blueprints/Blueprint_WallSconce.uasset" 668
"../../../../../unreal project/uas/Content/StarterContent/Particles/P_Steam_Lit.uasset" 669
"../../../../../unreal project/uas/Content/StarterContent/Audio/Steam01_Cue.uasset" 670
"../../../../../unreal project/uas/Content/StarterContent/Blueprints/Blueprint_Effect_Steam.uasset" 671
"../../../../../unreal project/uas/Content/StarterContent/Textures/T_Spark_Core.uasset" 672
"../../../../../unreal project/uas/Content/StarterContent/Particles/Materials/M_Spark.uasset" 673
"../../../../../unreal project/uas/Content/StarterContent/Particles/Materials/M_Radial_Gradient.uasset" 674
"../../../../../unreal project/uas/Content/StarterContent/Particles/P_Sparks.uasset" 675
"../../../../../unreal project/uas/Content/StarterContent/Audio/Fire_Sparks01_Cue.uasset" 676
"../../../../../unreal project/uas/Content/StarterContent/Blueprints/Blueprint_Effect_Sparks.uasset" 677
"../../../../../unreal project/uas/Content/StarterContent/Particles/P_Smoke.uasset" 678
"../../../../../unreal project/uas/Content/StarterContent/Audio/Smoke01_Cue.uasset" 679
"../../../../../unreal project/uas/Content/StarterContent/Blueprints/Blueprint_Effect_Smoke.uasset" 680
"../../../../../unreal project/uas/Content/StarterContent/Particles/Materials/M_Heat_Distortion.uasset" 681
"../../../../../unreal project/uas/Content/StarterContent/Textures/T_Fire_Tiled_D.uasset" 682
"../../../../../unreal project/uas/Content/StarterContent/Textures/T_Fire_SubUV.uasset" 683
"../../../../../unreal project/uas/Content/StarterContent/Particles/Materials/M_Fire_SubUV.uasset" 684
"../../../../../unreal project/uas/Content/StarterContent/Particles/P_Fire.uasset" 685
"../../../../../unreal project/uas/Content/StarterContent/Audio/Fire01_Cue.uasset" 686
"../../../../../unreal project/uas/Content/StarterContent/Blueprints/Blueprint_Effect_Fire.uasset" 687
"../../../../../unreal project/uas/Content/StarterContent/Props/SM_Lamp_Ceiling.uasset" 688
"../../../../../unreal project/uas/Content/StarterContent/Blueprints/Blueprint_CeilingLight.uasset" 689
"../../../../../unreal project/uas/Content/StarterContent/Maps/StarterMap.umap" 690
"../../../Engine/Content/Maps/Entry_BuiltData.uasset" 691
"../../../Engine/Content/Maps/Entry.umap" 692
